<?xml version="1.0" encoding="UTF-8" standalone="no"?>
<testsuite errors="0" failures="1" name="io.cucumber.core.plugin.JUnitFormatter" skipped="0" tests="1" time="39.118">
    <testcase classname="US1003 Kullanici parametre kullanarak arama yapabilmeli" name="TC06 kullanici parametre ile amazonda arama yapabilmeli" time="38.673">
        <failure message="" type="java.lang.AssertionError"><![CDATA[Given kullanici amazon anasayfasinda........................................passed
And kullanici "Java" icin arama yapar.......................................passed
And sonuclarin "Hava" icerdigini test eder..................................failed
Then sayfayi kapatir........................................................skipped

StackTrace:
java.lang.AssertionError
	at org.junit.Assert.fail(Assert.java:87)
	at org.junit.Assert.assertTrue(Assert.java:42)
	at org.junit.Assert.assertTrue(Assert.java:53)
	at stepDefinitions.AmazonDefinitions.sonuclarinIcerdiginiTestEder(AmazonDefinitions.java:70)
	at âœ½.sonuclarin "Hava" icerdigini test eder(file:///C:/Selenium/com.batch59Cucumber/src/test/resources/features/US1003_parametreKullanimi.feature:8)
]]></failure>
    </testcase>
</testsuite>
